2020-12-03 16:31:53,188 - INFO - cymepy - Creating Cyme instance
2020-12-03 16:31:56,669 - INFO - cymepy - CYME 9.0 r4 created sucessfully.
2020-12-03 16:31:56,901 - INFO - cymepy - Project loaded successfully.
2020-12-03 16:31:56,906 - DEBUG - solver - Solver object created.
2020-12-03 16:31:57,226 - WARNING - helics_interface - Model of type InductionMotor not found in the distribution model
2020-12-03 16:31:57,227 - DEBUG - helics_interface - Publication PyDSS.Transformer.42-1.IA of type complex  registered successfully.
2020-12-03 16:31:57,228 - WARNING - helics_interface - Property IB for publication PyDSS.Transformer.42-1.IB not valid
2020-12-03 16:31:57,228 - WARNING - helics_interface - Property IC for publication PyDSS.Transformer.42-1.IC not valid
2020-12-03 16:31:57,229 - WARNING - helics_interface - Property IA for publication PyDSS.Transformer.22-1.IA not valid
2020-12-03 16:31:57,229 - DEBUG - helics_interface - Publication PyDSS.Transformer.22-1.IB of type complex  registered successfully.
2020-12-03 16:31:57,229 - WARNING - helics_interface - Property IC for publication PyDSS.Transformer.22-1.IC not valid
2020-12-03 16:31:57,237 - DEBUG - helics_interface - Publication PyDSS.DistributedLoad.5-1.IA of type complex  registered successfully.
2020-12-03 16:31:57,237 - DEBUG - helics_interface - Publication PyDSS.DistributedLoad.5-1.IB of type complex  registered successfully.
2020-12-03 16:31:57,237 - DEBUG - helics_interface - Publication PyDSS.DistributedLoad.5-1.IC of type complex  registered successfully.
2020-12-03 16:31:57,238 - DEBUG - helics_interface - Publication PyDSS.DistributedLoad.7-1.IA of type complex  registered successfully.
2020-12-03 16:31:57,238 - DEBUG - helics_interface - Publication PyDSS.DistributedLoad.7-1.IB of type complex  registered successfully.
2020-12-03 16:31:57,238 - DEBUG - helics_interface - Publication PyDSS.DistributedLoad.7-1.IC of type complex  registered successfully.
2020-12-03 16:31:57,239 - DEBUG - helics_interface - Publication PyDSS.DistributedLoad.6-1.IA of type complex  registered successfully.
2020-12-03 16:31:57,239 - DEBUG - helics_interface - Publication PyDSS.DistributedLoad.6-1.IB of type complex  registered successfully.
2020-12-03 16:31:57,239 - DEBUG - helics_interface - Publication PyDSS.DistributedLoad.6-1.IC of type complex  registered successfully.
2020-12-03 16:31:57,240 - DEBUG - helics_interface - Publication PyDSS.DistributedLoad.9-1.IA of type complex  registered successfully.
2020-12-03 16:31:57,240 - DEBUG - helics_interface - Publication PyDSS.DistributedLoad.9-1.IB of type complex  registered successfully.
2020-12-03 16:31:57,241 - DEBUG - helics_interface - Publication PyDSS.DistributedLoad.9-1.IC of type complex  registered successfully.
2020-12-03 16:31:57,241 - DEBUG - helics_interface - Publication PyDSS.DistributedLoad.4-1.IA of type complex  registered successfully.
2020-12-03 16:31:57,241 - DEBUG - helics_interface - Publication PyDSS.DistributedLoad.4-1.IB of type complex  registered successfully.
2020-12-03 16:31:57,242 - DEBUG - helics_interface - Publication PyDSS.DistributedLoad.4-1.IC of type complex  registered successfully.
2020-12-03 16:31:57,242 - DEBUG - helics_interface - Publication PyDSS.Source.DEMO-STATION-S2.KWTOT of type double registered successfully.
2020-12-03 16:31:57,242 - DEBUG - helics_interface - Publication PyDSS.Source.DEMO-STATION-S2.KVARTOT of type double registered successfully.
2020-12-03 16:31:57,243 - DEBUG - helics_interface - Publication PyDSS.Source.DEMO-STATION-S1.KWTOT of type double registered successfully.
2020-12-03 16:31:57,243 - DEBUG - helics_interface - Publication PyDSS.Source.DEMO-STATION-S1.KVARTOT of type double registered successfully.
2020-12-03 16:31:57,253 - DEBUG - helics_interface - Object DistributedLoad.318-1's KWA property has subscribed to test.load1.power.
2020-12-03 16:31:57,253 - DEBUG - helics_interface - Object Source.DEMO-STATION-S1's SourceKVLNOpA property has subscribed to test.feederhead.voltage.
2020-12-03 16:31:57,255 - INFO - helics_interface - Entered HELICS execution mode
2020-12-03 16:31:57,255 - INFO - cymepy - Running simulation from time 2017-01-01 00:00:00 to 2017-01-01 00:31:00 at a time increment of 1 minute/s.
2020-12-03 16:31:57,256 - DEBUG - helics_interface - DistributedLoad.318-1.KWA updated to -1e+48
2020-12-03 16:31:57,256 - DEBUG - helics_interface - Source.DEMO-STATION-S1.SourceKVLNOpA updated to -1e+48
2020-12-03 16:31:57,284 - DEBUG - solver - Resolving at time: 2017-01-01 00:00:00
2020-12-03 16:31:57,284 - INFO - helics_interface - Time requested: 0.0 - time granted: 0 
2020-12-03 16:31:57,286 - DEBUG - helics_interface - DistributedLoad.318-1.KWA updated to -1e+48
2020-12-03 16:31:57,286 - DEBUG - helics_interface - Source.DEMO-STATION-S1.SourceKVLNOpA updated to -1e+48
2020-12-03 16:31:57,287 - DEBUG - solver - CYMEPY time: 2017-01-01 00:01:00
2020-12-03 16:31:57,293 - INFO - helics_interface - Time requested: 60.0 - time granted: 60.0 
2020-12-03 16:31:57,294 - DEBUG - helics_interface - DistributedLoad.318-1.KWA updated to -1e+48
2020-12-03 16:31:57,294 - DEBUG - helics_interface - Source.DEMO-STATION-S1.SourceKVLNOpA updated to -1e+48
2020-12-03 16:31:57,294 - DEBUG - solver - CYMEPY time: 2017-01-01 00:02:00
2020-12-03 16:31:57,398 - INFO - helics_interface - Time requested: 120.0 - time granted: 120.0 
2020-12-03 16:31:57,399 - DEBUG - helics_interface - DistributedLoad.318-1.KWA updated to 5.05
2020-12-03 16:31:57,400 - DEBUG - helics_interface - Source.DEMO-STATION-S1.SourceKVLNOpA updated to 1.0
2020-12-03 16:31:57,400 - DEBUG - solver - CYMEPY time: 2017-01-01 00:03:00
2020-12-03 16:31:57,502 - INFO - helics_interface - Time requested: 180.0 - time granted: 180.0 
2020-12-03 16:31:57,504 - DEBUG - helics_interface - DistributedLoad.318-1.KWA updated to 5.05
2020-12-03 16:31:57,504 - DEBUG - helics_interface - Source.DEMO-STATION-S1.SourceKVLNOpA updated to 1.0
2020-12-03 16:31:57,504 - DEBUG - solver - CYMEPY time: 2017-01-01 00:04:00
2020-12-03 16:31:57,609 - INFO - helics_interface - Time requested: 240.0 - time granted: 240.0 
2020-12-03 16:31:57,610 - DEBUG - helics_interface - DistributedLoad.318-1.KWA updated to 5.05
2020-12-03 16:31:57,610 - DEBUG - helics_interface - Source.DEMO-STATION-S1.SourceKVLNOpA updated to 1.0
2020-12-03 16:31:57,610 - DEBUG - solver - CYMEPY time: 2017-01-01 00:05:00
2020-12-03 16:31:57,714 - INFO - helics_interface - Time requested: 300.0 - time granted: 300.0 
2020-12-03 16:31:57,715 - DEBUG - helics_interface - DistributedLoad.318-1.KWA updated to 5.05
2020-12-03 16:31:57,715 - DEBUG - helics_interface - Source.DEMO-STATION-S1.SourceKVLNOpA updated to 1.0
2020-12-03 16:31:57,715 - DEBUG - solver - CYMEPY time: 2017-01-01 00:06:00
2020-12-03 16:31:57,818 - INFO - helics_interface - Time requested: 360.0 - time granted: 360.0 
2020-12-03 16:31:57,819 - DEBUG - helics_interface - DistributedLoad.318-1.KWA updated to 5.05
2020-12-03 16:31:57,820 - DEBUG - helics_interface - Source.DEMO-STATION-S1.SourceKVLNOpA updated to 1.0
2020-12-03 16:31:57,820 - DEBUG - solver - CYMEPY time: 2017-01-01 00:07:00
2020-12-03 16:31:57,921 - INFO - helics_interface - Time requested: 420.0 - time granted: 420.0 
2020-12-03 16:31:57,923 - DEBUG - helics_interface - DistributedLoad.318-1.KWA updated to 5.05
2020-12-03 16:31:57,923 - DEBUG - helics_interface - Source.DEMO-STATION-S1.SourceKVLNOpA updated to 1.0
2020-12-03 16:31:57,923 - DEBUG - solver - CYMEPY time: 2017-01-01 00:08:00
2020-12-03 16:31:58,026 - INFO - helics_interface - Time requested: 480.0 - time granted: 480.0 
2020-12-03 16:31:58,028 - DEBUG - helics_interface - DistributedLoad.318-1.KWA updated to 5.05
2020-12-03 16:31:58,028 - DEBUG - helics_interface - Source.DEMO-STATION-S1.SourceKVLNOpA updated to 1.0
2020-12-03 16:31:58,029 - DEBUG - solver - CYMEPY time: 2017-01-01 00:09:00
2020-12-03 16:31:58,132 - INFO - helics_interface - Time requested: 540.0 - time granted: 540.0 
2020-12-03 16:31:58,134 - DEBUG - helics_interface - DistributedLoad.318-1.KWA updated to 5.05
2020-12-03 16:31:58,134 - DEBUG - helics_interface - Source.DEMO-STATION-S1.SourceKVLNOpA updated to 1.0
2020-12-03 16:31:58,134 - DEBUG - solver - CYMEPY time: 2017-01-01 00:10:00
2020-12-03 16:31:58,237 - INFO - helics_interface - Time requested: 600.0 - time granted: 600.0 
2020-12-03 16:31:58,238 - DEBUG - helics_interface - DistributedLoad.318-1.KWA updated to 5.05
2020-12-03 16:31:58,239 - DEBUG - helics_interface - Source.DEMO-STATION-S1.SourceKVLNOpA updated to 1.0
2020-12-03 16:31:58,239 - DEBUG - solver - CYMEPY time: 2017-01-01 00:11:00
2020-12-03 16:31:58,343 - INFO - helics_interface - Time requested: 660.0 - time granted: 660.0 
2020-12-03 16:31:58,344 - DEBUG - helics_interface - DistributedLoad.318-1.KWA updated to 5.05
2020-12-03 16:31:58,344 - DEBUG - helics_interface - Source.DEMO-STATION-S1.SourceKVLNOpA updated to 1.0
2020-12-03 16:31:58,345 - DEBUG - solver - CYMEPY time: 2017-01-01 00:12:00
2020-12-03 16:31:58,448 - INFO - helics_interface - Time requested: 720.0 - time granted: 720.0 
2020-12-03 16:31:58,448 - DEBUG - helics_interface - DistributedLoad.318-1.KWA updated to 5.05
2020-12-03 16:31:58,449 - DEBUG - helics_interface - Source.DEMO-STATION-S1.SourceKVLNOpA updated to 1.0
2020-12-03 16:31:58,449 - DEBUG - solver - CYMEPY time: 2017-01-01 00:13:00
2020-12-03 16:31:58,552 - INFO - helics_interface - Time requested: 780.0 - time granted: 780.0 
2020-12-03 16:31:58,553 - DEBUG - helics_interface - DistributedLoad.318-1.KWA updated to 5.05
2020-12-03 16:31:58,554 - DEBUG - helics_interface - Source.DEMO-STATION-S1.SourceKVLNOpA updated to 1.0
2020-12-03 16:31:58,554 - DEBUG - solver - CYMEPY time: 2017-01-01 00:14:00
2020-12-03 16:31:58,657 - INFO - helics_interface - Time requested: 840.0 - time granted: 840.0 
2020-12-03 16:31:58,658 - DEBUG - helics_interface - DistributedLoad.318-1.KWA updated to 5.05
2020-12-03 16:31:58,659 - DEBUG - helics_interface - Source.DEMO-STATION-S1.SourceKVLNOpA updated to 1.0
2020-12-03 16:31:58,659 - DEBUG - solver - CYMEPY time: 2017-01-01 00:15:00
2020-12-03 16:31:58,761 - INFO - helics_interface - Time requested: 900.0 - time granted: 900.0 
2020-12-03 16:31:58,762 - DEBUG - helics_interface - DistributedLoad.318-1.KWA updated to 5.05
2020-12-03 16:31:58,763 - DEBUG - helics_interface - Source.DEMO-STATION-S1.SourceKVLNOpA updated to 1.0
2020-12-03 16:31:58,763 - DEBUG - solver - CYMEPY time: 2017-01-01 00:16:00
2020-12-03 16:31:58,866 - INFO - helics_interface - Time requested: 960.0 - time granted: 960.0 
2020-12-03 16:31:58,868 - DEBUG - helics_interface - DistributedLoad.318-1.KWA updated to 5.05
2020-12-03 16:31:58,868 - DEBUG - helics_interface - Source.DEMO-STATION-S1.SourceKVLNOpA updated to 1.0
2020-12-03 16:31:58,868 - DEBUG - solver - CYMEPY time: 2017-01-01 00:17:00
2020-12-03 16:31:58,970 - INFO - helics_interface - Time requested: 1020.0 - time granted: 1020.0 
2020-12-03 16:31:58,972 - DEBUG - helics_interface - DistributedLoad.318-1.KWA updated to 5.05
2020-12-03 16:31:58,972 - DEBUG - helics_interface - Source.DEMO-STATION-S1.SourceKVLNOpA updated to 1.0
2020-12-03 16:31:58,972 - DEBUG - solver - CYMEPY time: 2017-01-01 00:18:00
2020-12-03 16:31:59,076 - INFO - helics_interface - Time requested: 1080.0 - time granted: 1080.0 
2020-12-03 16:31:59,079 - DEBUG - helics_interface - DistributedLoad.318-1.KWA updated to 5.05
2020-12-03 16:31:59,079 - DEBUG - helics_interface - Source.DEMO-STATION-S1.SourceKVLNOpA updated to 1.0
2020-12-03 16:31:59,079 - DEBUG - solver - CYMEPY time: 2017-01-01 00:19:00
2020-12-03 16:31:59,184 - INFO - helics_interface - Time requested: 1140.0 - time granted: 1140.0 
2020-12-03 16:31:59,186 - DEBUG - helics_interface - DistributedLoad.318-1.KWA updated to 5.05
2020-12-03 16:31:59,186 - DEBUG - helics_interface - Source.DEMO-STATION-S1.SourceKVLNOpA updated to 1.0
2020-12-03 16:31:59,186 - DEBUG - solver - CYMEPY time: 2017-01-01 00:20:00
2020-12-03 16:31:59,290 - INFO - helics_interface - Time requested: 1200.0 - time granted: 1200.0 
2020-12-03 16:31:59,291 - DEBUG - helics_interface - DistributedLoad.318-1.KWA updated to 5.05
2020-12-03 16:31:59,292 - DEBUG - helics_interface - Source.DEMO-STATION-S1.SourceKVLNOpA updated to 1.0
2020-12-03 16:31:59,292 - DEBUG - solver - CYMEPY time: 2017-01-01 00:21:00
2020-12-03 16:31:59,395 - INFO - helics_interface - Time requested: 1260.0 - time granted: 1260.0 
2020-12-03 16:31:59,396 - DEBUG - helics_interface - DistributedLoad.318-1.KWA updated to 5.05
2020-12-03 16:31:59,397 - DEBUG - helics_interface - Source.DEMO-STATION-S1.SourceKVLNOpA updated to 1.0
2020-12-03 16:31:59,397 - DEBUG - solver - CYMEPY time: 2017-01-01 00:22:00
2020-12-03 16:31:59,500 - INFO - helics_interface - Time requested: 1320.0 - time granted: 1320.0 
2020-12-03 16:31:59,501 - DEBUG - helics_interface - DistributedLoad.318-1.KWA updated to 5.05
2020-12-03 16:31:59,501 - DEBUG - helics_interface - Source.DEMO-STATION-S1.SourceKVLNOpA updated to 1.0
2020-12-03 16:31:59,502 - DEBUG - solver - CYMEPY time: 2017-01-01 00:23:00
2020-12-03 16:31:59,604 - INFO - helics_interface - Time requested: 1380.0 - time granted: 1380.0 
2020-12-03 16:31:59,605 - DEBUG - helics_interface - DistributedLoad.318-1.KWA updated to 5.05
2020-12-03 16:31:59,606 - DEBUG - helics_interface - Source.DEMO-STATION-S1.SourceKVLNOpA updated to 1.0
2020-12-03 16:31:59,606 - DEBUG - solver - CYMEPY time: 2017-01-01 00:24:00
2020-12-03 16:31:59,708 - INFO - helics_interface - Time requested: 1440.0 - time granted: 1440.0 
2020-12-03 16:31:59,709 - DEBUG - helics_interface - DistributedLoad.318-1.KWA updated to 5.05
2020-12-03 16:31:59,709 - DEBUG - helics_interface - Source.DEMO-STATION-S1.SourceKVLNOpA updated to 1.0
2020-12-03 16:31:59,709 - DEBUG - solver - CYMEPY time: 2017-01-01 00:25:00
2020-12-03 16:31:59,812 - INFO - helics_interface - Time requested: 1500.0 - time granted: 1500.0 
2020-12-03 16:31:59,814 - DEBUG - helics_interface - DistributedLoad.318-1.KWA updated to 5.05
2020-12-03 16:31:59,814 - DEBUG - helics_interface - Source.DEMO-STATION-S1.SourceKVLNOpA updated to 1.0
2020-12-03 16:31:59,815 - DEBUG - solver - CYMEPY time: 2017-01-01 00:26:00
2020-12-03 16:31:59,918 - INFO - helics_interface - Time requested: 1560.0 - time granted: 1560.0 
2020-12-03 16:31:59,919 - DEBUG - helics_interface - DistributedLoad.318-1.KWA updated to 5.05
2020-12-03 16:31:59,920 - DEBUG - helics_interface - Source.DEMO-STATION-S1.SourceKVLNOpA updated to 1.0
2020-12-03 16:31:59,920 - DEBUG - solver - CYMEPY time: 2017-01-01 00:27:00
2020-12-03 16:32:00,023 - INFO - helics_interface - Time requested: 1620.0 - time granted: 1620.0 
2020-12-03 16:32:00,024 - DEBUG - helics_interface - DistributedLoad.318-1.KWA updated to 5.05
2020-12-03 16:32:00,025 - DEBUG - helics_interface - Source.DEMO-STATION-S1.SourceKVLNOpA updated to 1.0
2020-12-03 16:32:00,025 - DEBUG - solver - CYMEPY time: 2017-01-01 00:28:00
2020-12-03 16:32:00,127 - INFO - helics_interface - Time requested: 1680.0 - time granted: 1680.0 
2020-12-03 16:32:00,128 - DEBUG - helics_interface - DistributedLoad.318-1.KWA updated to 5.05
2020-12-03 16:32:00,129 - DEBUG - helics_interface - Source.DEMO-STATION-S1.SourceKVLNOpA updated to 1.0
2020-12-03 16:32:00,130 - DEBUG - solver - CYMEPY time: 2017-01-01 00:29:00
2020-12-03 16:32:00,233 - INFO - helics_interface - Time requested: 1740.0 - time granted: 1740.0 
2020-12-03 16:32:00,235 - DEBUG - helics_interface - DistributedLoad.318-1.KWA updated to 5.05
2020-12-03 16:32:00,235 - DEBUG - helics_interface - Source.DEMO-STATION-S1.SourceKVLNOpA updated to 1.0
2020-12-03 16:32:00,236 - DEBUG - solver - CYMEPY time: 2017-01-01 00:30:00
2020-12-03 16:32:00,338 - INFO - helics_interface - Time requested: 1800.0 - time granted: 1800.0 
